c:\users\ljg\locust_client\client\x64\debug\vc142.pdb
c:\users\ljg\locust_client\client\x64\debug\vc142.idb
c:\users\ljg\locust_client\client\x64\debug\zip.obj
c:\users\ljg\locust_client\client\x64\debug\uuid.obj
c:\users\ljg\locust_client\client\x64\debug\utils.obj
c:\users\ljg\locust_client\client\x64\debug\reghelper.obj
c:\users\ljg\locust_client\client\x64\debug\public.obj
c:\users\ljg\locust_client\client\x64\debug\packet.obj
c:\users\ljg\locust_client\client\x64\debug\config.obj
c:\users\ljg\locust_client\client\x64\debug\mission.obj
c:\users\ljg\locust_client\client\x64\debug\main.obj
c:\users\ljg\locust_client\client\x64\debug\json.obj
c:\users\ljg\locust_client\client\x64\debug\https.obj
c:\users\ljg\locust_client\client\x64\debug\http.obj
c:\users\ljg\locust_client\client\x64\debug\filehelper.obj
c:\users\ljg\locust_client\client\x64\debug\file.obj
c:\users\ljg\locust_client\client\x64\debug\command.obj
c:\users\ljg\locust_client\client\x64\debug\base64.obj
c:\users\ljg\locust_client\client\x64\debug\shell.obj
c:\users\ljg\locust_client\client\x64\debug\md5.obj
c:\users\ljg\locust_client\locust\x64\debug\client.exe
c:\users\ljg\locust_client\client\x64\debug\client.ilk
c:\users\ljg\locust_client\locust\x64\debug\client.pdb
c:\users\ljg\locust_client\client\x64\debug\client.res
c:\users\ljg\locust_client\client\x64\debug\network.obj
c:\users\ljg\locust_client\client\x64\debug\https.obj.enc
c:\users\ljg\locust_client\client\x64\debug\json.obj.enc
c:\users\ljg\locust_client\client\x64\debug\main.obj.enc
c:\users\ljg\locust_client\client\x64\debug\packet.obj.enc
c:\users\ljg\locust_client\client\x64\debug\utils.obj.enc
c:\users\ljg\locust_client\client\x64\debug\client.tlog\cl.command.1.tlog
c:\users\ljg\locust_client\client\x64\debug\client.tlog\cl.read.1.tlog
c:\users\ljg\locust_client\client\x64\debug\client.tlog\cl.write.1.tlog
c:\users\ljg\locust_client\client\x64\debug\client.tlog\link.command.1.tlog
c:\users\ljg\locust_client\client\x64\debug\client.tlog\link.read.1.tlog
c:\users\ljg\locust_client\client\x64\debug\client.tlog\link.write.1.tlog
c:\users\ljg\locust_client\client\x64\debug\client.tlog\rc.command.1.tlog
c:\users\ljg\locust_client\client\x64\debug\client.tlog\rc.read.1.tlog
c:\users\ljg\locust_client\client\x64\debug\client.tlog\rc.write.1.tlog
