c:\users\ljg\locust_client\client\x64\release\vc142.pdb
c:\users\ljg\locust_client\client\x64\release\zip.obj
c:\users\ljg\locust_client\client\x64\release\uuid.obj
c:\users\ljg\locust_client\client\x64\release\utils.obj
c:\users\ljg\locust_client\client\x64\release\shell.obj
c:\users\ljg\locust_client\client\x64\release\reghelper.obj
c:\users\ljg\locust_client\client\x64\release\public.obj
c:\users\ljg\locust_client\client\x64\release\packet.obj
c:\users\ljg\locust_client\client\x64\release\config.obj
c:\users\ljg\locust_client\client\x64\release\mission.obj
c:\users\ljg\locust_client\client\x64\release\main.obj
c:\users\ljg\locust_client\client\x64\release\json.obj
c:\users\ljg\locust_client\client\x64\release\https.obj
c:\users\ljg\locust_client\client\x64\release\http.obj
c:\users\ljg\locust_client\client\x64\release\filehelper.obj
c:\users\ljg\locust_client\client\x64\release\command.obj
c:\users\ljg\locust_client\client\x64\release\base64.obj
c:\users\ljg\locust_client\client\x64\release\file.obj
c:\users\ljg\locust_client\client\x64\release\md5.obj
c:\users\ljg\locust_client\locust\x64\release\client.exe
c:\users\ljg\locust_client\client\x64\release\client.ipdb
c:\users\ljg\locust_client\client\x64\release\client.iobj
c:\users\ljg\locust_client\locust\x64\release\client.pdb
c:\users\ljg\locust_client\client\x64\release\client.tlog\cl.command.1.tlog
c:\users\ljg\locust_client\client\x64\release\client.tlog\cl.read.1.tlog
c:\users\ljg\locust_client\client\x64\release\client.tlog\cl.write.1.tlog
c:\users\ljg\locust_client\client\x64\release\client.tlog\link.command.1.tlog
c:\users\ljg\locust_client\client\x64\release\client.tlog\link.read.1.tlog
c:\users\ljg\locust_client\client\x64\release\client.tlog\link.write.1.tlog
